<?xml version="1.0" encoding="UTF-8"?>
<!-- Generated by org.testng.reporters.JUnitXMLReporter -->
<testsuite hostname="ACER-PC" ignored="0" name="Free CRM App Test Cases" tests="8" failures="0" timestamp="08 May 2018 05:56:47 GMT" time="196.145" errors="0">
  <testcase name="contactsLabelTest" time="0.32" classname="com.crm.qa.testCases.ContactsPageTest"/>
  <testcase name="homePageTitleTest" time="0.016" classname="com.crm.qa.testCases.HomePageTest"/>
  <testcase name="loginPageTitleTest" time="0.023" classname="com.crm.qa.testCases.LoginPageTest"/>
  <testcase name="selectContactsByNameTest" time="0.387" classname="com.crm.qa.testCases.ContactsPageTest"/>
  <testcase name="correctUserNameTest" time="5.284" classname="com.crm.qa.testCases.HomePageTest"/>
  <testcase name="crmLogoImageTest" time="0.095" classname="com.crm.qa.testCases.LoginPageTest"/>
  <testcase name="clickOnContactsLinkTest" time="2.238" classname="com.crm.qa.testCases.HomePageTest"/>
  <testcase name="loginTest" time="10.336" classname="com.crm.qa.testCases.LoginPageTest"/>
</testsuite> <!-- Free CRM App Test Cases -->
