<?xml version="1.0" encoding="UTF-8"?>
<!-- Generated by org.testng.reporters.JUnitXMLReporter -->
<testsuite hostname="ACER-PC" ignored="0" name="Default test" tests="3" failures="0" timestamp="16 May 2018 23:31:57 GMT" time="73.079" errors="0">
  <testcase name="homePageTitleTest" time="0.025" classname="com.crm.qa.testCases.HomePageTest"/>
  <testcase name="correctUserNameTest" time="5.324" classname="com.crm.qa.testCases.HomePageTest"/>
  <testcase name="clickOnContactsLinkTest" time="2.035" classname="com.crm.qa.testCases.HomePageTest"/>
</testsuite> <!-- Default test -->
